<?xml version="1.0" encoding="UTF-8"?>
<testng-results ignored="0" total="1" passed="1" failed="0" skipped="0">
  <reporter-output>
  </reporter-output>
  <suite started-at="2019-07-12T11:22:28Z" name="Default suite" finished-at="2019-07-12T11:22:32Z" duration-ms="3466">
    <groups>
    </groups>
    <test started-at="2019-07-12T11:22:28Z" name="Default test" finished-at="2019-07-12T11:22:32Z" duration-ms="3466">
      <class name="RestAPITestCases.TC001_GET_Request">
        <test-method signature="getweatherDetails()[pri:0, instance:RestAPITestCases.TC001_GET_Request@65d09a04]" started-at="2019-07-12T11:22:28Z" name="getweatherDetails" finished-at="2019-07-12T11:22:32Z" duration-ms="3406" status="PASS">
          <reporter-output>
          </reporter-output>
        </test-method> <!-- getweatherDetails -->
      </class> <!-- RestAPITestCases.TC001_GET_Request -->
    </test> <!-- Default test -->
  </suite> <!-- Default suite -->
</testng-results>
